
Gurobi 8.1.0 (linux64, Python) logging started Mon Nov 19 16:59:44 2018

Academic license - for non-commercial use only

Gurobi 8.1.0 (linux64, Python) logging started Mon Nov 19 17:00:25 2018

Academic license - for non-commercial use only
Optimize a model with 0 rows, 785 columns and 0 nonzeros
Coefficient statistics:
  Matrix range     [0e+00, 0e+00]
  Objective range  [1e+00, 1e+00]
  Bounds range     [2e-02, 1e+00]
  RHS range        [0e+00, 0e+00]
Presolve removed 0 rows and 785 columns
Presolve time: 0.01s
Presolve: All rows and columns removed
Iteration    Objective       Primal Inf.    Dual Inf.      Time
       0    0.0000000e+00   0.000000e+00   0.000000e+00      1s

Solved in 0 iterations and 0.02 seconds
Optimal objective  0.000000000e+00
Optimize a model with 0 rows, 785 columns and 0 nonzeros
Coefficient statistics:
  Matrix range     [0e+00, 0e+00]
  Objective range  [1e+00, 1e+00]
  Bounds range     [2e-02, 1e+00]
  RHS range        [0e+00, 0e+00]
Iteration    Objective       Primal Inf.    Dual Inf.      Time
       0   -0.0000000e+00   0.000000e+00   0.000000e+00      1s

Solved in 0 iterations and 0.01 seconds
Optimal objective -0.000000000e+00
Optimize a model with 0 rows, 786 columns and 0 nonzeros
Coefficient statistics:
  Matrix range     [0e+00, 0e+00]
  Objective range  [1e+00, 1e+00]
  Bounds range     [2e-02, 1e+00]
  RHS range        [0e+00, 0e+00]
Iteration    Objective       Primal Inf.    Dual Inf.      Time
       0    0.0000000e+00   0.000000e+00   0.000000e+00      1s

Solved in 0 iterations and 0.01 seconds
Optimal objective  0.000000000e+00
Optimize a model with 0 rows, 786 columns and 0 nonzeros
Coefficient statistics:
  Matrix range     [0e+00, 0e+00]
  Objective range  [1e+00, 1e+00]
  Bounds range     [2e-02, 1e+00]
  RHS range        [0e+00, 0e+00]
Iteration    Objective       Primal Inf.    Dual Inf.      Time
       0   -0.0000000e+00   0.000000e+00   0.000000e+00      1s

Solved in 0 iterations and 0.01 seconds
Optimal objective -0.000000000e+00
Optimize a model with 0 rows, 787 columns and 0 nonzeros
Coefficient statistics:
  Matrix range     [0e+00, 0e+00]
  Objective range  [1e+00, 1e+00]
  Bounds range     [2e-02, 1e+00]
  RHS range        [0e+00, 0e+00]
Iteration    Objective       Primal Inf.    Dual Inf.      Time
       0    0.0000000e+00   0.000000e+00   0.000000e+00      1s

Solved in 0 iterations and 0.01 seconds
Optimal objective  0.000000000e+00
Optimize a model with 0 rows, 787 columns and 0 nonzeros
Coefficient statistics:
  Matrix range     [0e+00, 0e+00]
  Objective range  [1e+00, 1e+00]
  Bounds range     [2e-02, 1e+00]
  RHS range        [0e+00, 0e+00]
Iteration    Objective       Primal Inf.    Dual Inf.      Time
       0   -0.0000000e+00   0.000000e+00   0.000000e+00      1s

Solved in 0 iterations and 0.01 seconds
Optimal objective -0.000000000e+00
Optimize a model with 0 rows, 788 columns and 0 nonzeros
Coefficient statistics:
  Matrix range     [0e+00, 0e+00]
  Objective range  [1e+00, 1e+00]
  Bounds range     [2e-02, 1e+00]
  RHS range        [0e+00, 0e+00]
Iteration    Objective       Primal Inf.    Dual Inf.      Time
       0    0.0000000e+00   0.000000e+00   0.000000e+00      1s

Solved in 0 iterations and 0.01 seconds
Optimal objective  0.000000000e+00
Optimize a model with 0 rows, 788 columns and 0 nonzeros
Coefficient statistics:
  Matrix range     [0e+00, 0e+00]
  Objective range  [1e+00, 1e+00]
  Bounds range     [2e-02, 1e+00]
  RHS range        [0e+00, 0e+00]
Iteration    Objective       Primal Inf.    Dual Inf.      Time
       0   -0.0000000e+00   0.000000e+00   0.000000e+00      1s

Solved in 0 iterations and 0.01 seconds
Optimal objective -0.000000000e+00
Optimize a model with 0 rows, 789 columns and 0 nonzeros
Coefficient statistics:
  Matrix range     [0e+00, 0e+00]
  Objective range  [1e+00, 1e+00]
  Bounds range     [2e-02, 1e+00]
  RHS range        [0e+00, 0e+00]
Iteration    Objective       Primal Inf.    Dual Inf.      Time
       0    0.0000000e+00   0.000000e+00   0.000000e+00      1s

Solved in 0 iterations and 0.01 seconds
Optimal objective  0.000000000e+00
Optimize a model with 0 rows, 789 columns and 0 nonzeros
Coefficient statistics:
  Matrix range     [0e+00, 0e+00]
  Objective range  [1e+00, 1e+00]
  Bounds range     [2e-02, 1e+00]
  RHS range        [0e+00, 0e+00]
Iteration    Objective       Primal Inf.    Dual Inf.      Time
       0   -0.0000000e+00   0.000000e+00   0.000000e+00      1s

Solved in 0 iterations and 0.01 seconds
Optimal objective -0.000000000e+00
Optimize a model with 0 rows, 790 columns and 0 nonzeros
Coefficient statistics:
  Matrix range     [0e+00, 0e+00]
  Objective range  [1e+00, 1e+00]
  Bounds range     [2e-02, 3e+00]
  RHS range        [0e+00, 0e+00]
Iteration    Objective       Primal Inf.    Dual Inf.      Time
       0    2.2471203e+00   0.000000e+00   0.000000e+00      1s

Solved in 0 iterations and 0.01 seconds
Optimal objective  2.247120257e+00
Optimize a model with 0 rows, 790 columns and 0 nonzeros
Coefficient statistics:
  Matrix range     [0e+00, 0e+00]
  Objective range  [1e+00, 1e+00]
  Bounds range     [2e-02, 3e+00]
  RHS range        [0e+00, 0e+00]
Iteration    Objective       Primal Inf.    Dual Inf.      Time
       0    2.2471203e+00   0.000000e+00   0.000000e+00      1s

Solved in 0 iterations and 0.01 seconds
Optimal objective  2.247120257e+00
Optimize a model with 0 rows, 791 columns and 0 nonzeros
Coefficient statistics:
  Matrix range     [0e+00, 0e+00]
  Objective range  [1e+00, 1e+00]
  Bounds range     [2e-02, 3e+00]
  RHS range        [0e+00, 0e+00]
Iteration    Objective       Primal Inf.    Dual Inf.      Time
       0    0.0000000e+00   0.000000e+00   0.000000e+00      1s

Solved in 0 iterations and 0.01 seconds
Optimal objective  0.000000000e+00
Optimize a model with 0 rows, 791 columns and 0 nonzeros
Coefficient statistics:
  Matrix range     [0e+00, 0e+00]
  Objective range  [1e+00, 1e+00]
  Bounds range     [2e-02, 3e+00]
  RHS range        [0e+00, 0e+00]
Iteration    Objective       Primal Inf.    Dual Inf.      Time
       0   -0.0000000e+00   0.000000e+00   0.000000e+00      1s

Solved in 0 iterations and 0.01 seconds
Optimal objective -0.000000000e+00
Optimize a model with 0 rows, 792 columns and 0 nonzeros
Coefficient statistics:
  Matrix range     [0e+00, 0e+00]
  Objective range  [1e+00, 1e+00]
  Bounds range     [2e-02, 3e+00]
  RHS range        [0e+00, 0e+00]
Iteration    Objective       Primal Inf.    Dual Inf.      Time
       0    1.8099118e+00   0.000000e+00   0.000000e+00      1s

Solved in 0 iterations and 0.01 seconds
Optimal objective  1.809911782e+00
Optimize a model with 0 rows, 792 columns and 0 nonzeros
Coefficient statistics:
  Matrix range     [0e+00, 0e+00]
  Objective range  [1e+00, 1e+00]
  Bounds range     [2e-02, 3e+00]
  RHS range        [0e+00, 0e+00]
Iteration    Objective       Primal Inf.    Dual Inf.      Time
       0    1.8099118e+00   0.000000e+00   0.000000e+00      1s

Solved in 0 iterations and 0.01 seconds
Optimal objective  1.809911782e+00
Optimize a model with 0 rows, 793 columns and 0 nonzeros
Coefficient statistics:
  Matrix range     [0e+00, 0e+00]
  Objective range  [1e+00, 1e+00]
  Bounds range     [2e-02, 3e+00]
  RHS range        [0e+00, 0e+00]
Iteration    Objective       Primal Inf.    Dual Inf.      Time
       0    0.0000000e+00   0.000000e+00   0.000000e+00      1s

Solved in 0 iterations and 0.01 seconds
Optimal objective  0.000000000e+00
Optimize a model with 0 rows, 793 columns and 0 nonzeros
Coefficient statistics:
  Matrix range     [0e+00, 0e+00]
  Objective range  [1e+00, 1e+00]
  Bounds range     [2e-02, 3e+00]
  RHS range        [0e+00, 0e+00]
Iteration    Objective       Primal Inf.    Dual Inf.      Time
       0   -0.0000000e+00   0.000000e+00   0.000000e+00      1s

Solved in 0 iterations and 0.01 seconds
Optimal objective -0.000000000e+00
Optimize a model with 0 rows, 794 columns and 0 nonzeros
Coefficient statistics:
  Matrix range     [0e+00, 0e+00]
  Objective range  [1e+00, 1e+00]
  Bounds range     [2e-02, 4e+00]
  RHS range        [0e+00, 0e+00]
Iteration    Objective       Primal Inf.    Dual Inf.      Time
       0    3.0093014e+00   0.000000e+00   0.000000e+00      1s

Solved in 0 iterations and 0.01 seconds
Optimal objective  3.009301319e+00
Optimize a model with 0 rows, 794 columns and 0 nonzeros
Coefficient statistics:
  Matrix range     [0e+00, 0e+00]
  Objective range  [1e+00, 1e+00]
  Bounds range     [2e-02, 4e+00]
  RHS range        [0e+00, 0e+00]
Iteration    Objective       Primal Inf.    Dual Inf.      Time
       0    3.0093014e+00   0.000000e+00   0.000000e+00      1s

Solved in 0 iterations and 0.01 seconds
Optimal objective  3.009301319e+00
Optimize a model with 0 rows, 11 columns and 0 nonzeros
Coefficient statistics:
  Matrix range     [0e+00, 0e+00]
  Objective range  [1e+00, 1e+00]
  Bounds range     [2e+00, 4e+00]
  RHS range        [0e+00, 0e+00]
Presolve removed 0 rows and 11 columns
Presolve time: 0.01s
Presolve: All rows and columns removed
Iteration    Objective       Primal Inf.    Dual Inf.      Time
       0    3.1237939e+00   0.000000e+00   0.000000e+00      1s

Solved in 0 iterations and 0.01 seconds
Optimal objective  3.123793852e+00
Optimize a model with 0 rows, 11 columns and 0 nonzeros
Coefficient statistics:
  Matrix range     [0e+00, 0e+00]
  Objective range  [1e+00, 1e+00]
  Bounds range     [2e+00, 4e+00]
  RHS range        [0e+00, 0e+00]
Iteration    Objective       Primal Inf.    Dual Inf.      Time
       0    3.1237939e+00   0.000000e+00   0.000000e+00      1s

Solved in 0 iterations and 0.01 seconds
Optimal objective  3.123793852e+00
Optimize a model with 0 rows, 12 columns and 0 nonzeros
Coefficient statistics:
  Matrix range     [0e+00, 0e+00]
  Objective range  [1e+00, 1e+00]
  Bounds range     [2e-01, 4e+00]
  RHS range        [0e+00, 0e+00]
Iteration    Objective       Primal Inf.    Dual Inf.      Time
       0    1.5748529e-01   0.000000e+00   0.000000e+00      1s

Solved in 0 iterations and 0.01 seconds
Optimal objective  1.574852891e-01
Optimize a model with 0 rows, 12 columns and 0 nonzeros
Coefficient statistics:
  Matrix range     [0e+00, 0e+00]
  Objective range  [1e+00, 1e+00]
  Bounds range     [2e-01, 4e+00]
  RHS range        [0e+00, 0e+00]
Iteration    Objective       Primal Inf.    Dual Inf.      Time
       0    1.5748529e-01   0.000000e+00   0.000000e+00      1s

Solved in 0 iterations and 0.01 seconds
Optimal objective  1.574852891e-01
Optimize a model with 0 rows, 13 columns and 0 nonzeros
Coefficient statistics:
  Matrix range     [0e+00, 0e+00]
  Objective range  [1e+00, 1e+00]
  Bounds range     [2e-01, 4e+00]
  RHS range        [0e+00, 0e+00]
Iteration    Objective       Primal Inf.    Dual Inf.      Time
       0    2.3235416e+00   0.000000e+00   0.000000e+00      1s

Solved in 0 iterations and 0.01 seconds
Optimal objective  2.323541567e+00
Optimize a model with 0 rows, 13 columns and 0 nonzeros
Coefficient statistics:
  Matrix range     [0e+00, 0e+00]
  Objective range  [1e+00, 1e+00]
  Bounds range     [2e-01, 4e+00]
  RHS range        [0e+00, 0e+00]
Iteration    Objective       Primal Inf.    Dual Inf.      Time
       0    2.3235416e+00   0.000000e+00   0.000000e+00      1s

Solved in 0 iterations and 0.01 seconds
Optimal objective  2.323541567e+00
Optimize a model with 0 rows, 14 columns and 0 nonzeros
Coefficient statistics:
  Matrix range     [0e+00, 0e+00]
  Objective range  [1e+00, 1e+00]
  Bounds range     [2e-01, 4e+00]
  RHS range        [0e+00, 0e+00]
Iteration    Objective       Primal Inf.    Dual Inf.      Time
       0    0.0000000e+00   0.000000e+00   0.000000e+00      1s

Solved in 0 iterations and 0.01 seconds
Optimal objective  0.000000000e+00
Optimize a model with 0 rows, 14 columns and 0 nonzeros
Coefficient statistics:
  Matrix range     [0e+00, 0e+00]
  Objective range  [1e+00, 1e+00]
  Bounds range     [2e-01, 4e+00]
  RHS range        [0e+00, 0e+00]
Iteration    Objective       Primal Inf.    Dual Inf.      Time
       0   -0.0000000e+00   0.000000e+00   0.000000e+00      1s

Solved in 0 iterations and 0.01 seconds
Optimal objective -0.000000000e+00
Optimize a model with 0 rows, 15 columns and 0 nonzeros
Coefficient statistics:
  Matrix range     [0e+00, 0e+00]
  Objective range  [1e+00, 1e+00]
  Bounds range     [2e-01, 4e+00]
  RHS range        [0e+00, 0e+00]
Iteration    Objective       Primal Inf.    Dual Inf.      Time
       0    0.0000000e+00   0.000000e+00   0.000000e+00      1s

Solved in 0 iterations and 0.01 seconds
Optimal objective  0.000000000e+00
Optimize a model with 0 rows, 15 columns and 0 nonzeros
Coefficient statistics:
  Matrix range     [0e+00, 0e+00]
  Objective range  [1e+00, 1e+00]
  Bounds range     [2e-01, 4e+00]
  RHS range        [0e+00, 0e+00]
Iteration    Objective       Primal Inf.    Dual Inf.      Time
       0   -0.0000000e+00   0.000000e+00   0.000000e+00      1s

Solved in 0 iterations and 0.01 seconds
Optimal objective -0.000000000e+00
Optimize a model with 0 rows, 16 columns and 0 nonzeros
Coefficient statistics:
  Matrix range     [0e+00, 0e+00]
  Objective range  [1e+00, 1e+00]
  Bounds range     [7e-02, 4e+00]
  RHS range        [0e+00, 0e+00]
Iteration    Objective       Primal Inf.    Dual Inf.      Time
       0    6.2917860e-02   0.000000e+00   0.000000e+00      1s

Solved in 0 iterations and 0.01 seconds
Optimal objective  6.291785927e-02
Optimize a model with 0 rows, 16 columns and 0 nonzeros
Coefficient statistics:
  Matrix range     [0e+00, 0e+00]
  Objective range  [1e+00, 1e+00]
  Bounds range     [7e-02, 4e+00]
  RHS range        [0e+00, 0e+00]
Iteration    Objective       Primal Inf.    Dual Inf.      Time
       0    6.2917860e-02   0.000000e+00   0.000000e+00      1s

Solved in 0 iterations and 0.01 seconds
Optimal objective  6.291785927e-02
Optimize a model with 0 rows, 17 columns and 0 nonzeros
Coefficient statistics:
  Matrix range     [0e+00, 0e+00]
  Objective range  [1e+00, 1e+00]
  Bounds range     [7e-02, 4e+00]
  RHS range        [0e+00, 0e+00]
Iteration    Objective       Primal Inf.    Dual Inf.      Time
       0    1.0947461e-01   0.000000e+00   0.000000e+00      1s

Solved in 0 iterations and 0.01 seconds
Optimal objective  1.094746074e-01
Optimize a model with 0 rows, 17 columns and 0 nonzeros
Coefficient statistics:
  Matrix range     [0e+00, 0e+00]
  Objective range  [1e+00, 1e+00]
  Bounds range     [7e-02, 4e+00]
  RHS range        [0e+00, 0e+00]
Iteration    Objective       Primal Inf.    Dual Inf.      Time
       0    1.0947461e-01   0.000000e+00   0.000000e+00      1s

Solved in 0 iterations and 0.01 seconds
Optimal objective  1.094746074e-01
Optimize a model with 0 rows, 18 columns and 0 nonzeros
Coefficient statistics:
  Matrix range     [0e+00, 0e+00]
  Objective range  [1e+00, 1e+00]
  Bounds range     [7e-02, 4e+00]
  RHS range        [0e+00, 0e+00]
Iteration    Objective       Primal Inf.    Dual Inf.      Time
       0    1.4940720e+00   0.000000e+00   0.000000e+00      1s

Solved in 0 iterations and 0.01 seconds
Optimal objective  1.494071918e+00
Optimize a model with 0 rows, 18 columns and 0 nonzeros
Coefficient statistics:
  Matrix range     [0e+00, 0e+00]
  Objective range  [1e+00, 1e+00]
  Bounds range     [7e-02, 4e+00]
  RHS range        [0e+00, 0e+00]
Iteration    Objective       Primal Inf.    Dual Inf.      Time
       0    1.4940720e+00   0.000000e+00   0.000000e+00      1s

Solved in 0 iterations and 0.01 seconds
Optimal objective  1.494071918e+00
Optimize a model with 0 rows, 19 columns and 0 nonzeros
Coefficient statistics:
  Matrix range     [0e+00, 0e+00]
  Objective range  [1e+00, 1e+00]
  Bounds range     [7e-02, 4e+00]
  RHS range        [0e+00, 0e+00]
Iteration    Objective       Primal Inf.    Dual Inf.      Time
       0    0.0000000e+00   0.000000e+00   0.000000e+00      1s

Solved in 0 iterations and 0.01 seconds
Optimal objective  0.000000000e+00
Optimize a model with 0 rows, 19 columns and 0 nonzeros
Coefficient statistics:
  Matrix range     [0e+00, 0e+00]
  Objective range  [1e+00, 1e+00]
  Bounds range     [7e-02, 4e+00]
  RHS range        [0e+00, 0e+00]
Iteration    Objective       Primal Inf.    Dual Inf.      Time
       0   -0.0000000e+00   0.000000e+00   0.000000e+00      1s

Solved in 0 iterations and 0.01 seconds
Optimal objective -0.000000000e+00
Optimize a model with 0 rows, 20 columns and 0 nonzeros
Coefficient statistics:
  Matrix range     [0e+00, 0e+00]
  Objective range  [1e+00, 1e+00]
  Bounds range     [7e-02, 4e+00]
  RHS range        [0e+00, 0e+00]
Iteration    Objective       Primal Inf.    Dual Inf.      Time
       0    5.8636855e-01   0.000000e+00   0.000000e+00      1s

Solved in 0 iterations and 0.01 seconds
Optimal objective  5.863685429e-01
Optimize a model with 0 rows, 20 columns and 0 nonzeros
Coefficient statistics:
  Matrix range     [0e+00, 0e+00]
  Objective range  [1e+00, 1e+00]
  Bounds range     [7e-02, 4e+00]
  RHS range        [0e+00, 0e+00]
Iteration    Objective       Primal Inf.    Dual Inf.      Time
       0    5.8636855e-01   0.000000e+00   0.000000e+00      1s

Solved in 0 iterations and 0.01 seconds
Optimal objective  5.863685429e-01
Optimize a model with 0 rows, 11 columns and 0 nonzeros
Coefficient statistics:
  Matrix range     [0e+00, 0e+00]
  Objective range  [1e+00, 1e+00]
  Bounds range     [7e-02, 4e+00]
  RHS range        [0e+00, 0e+00]
Presolve removed 0 rows and 11 columns
Presolve time: 0.01s
Presolve: All rows and columns removed
Iteration    Objective       Primal Inf.    Dual Inf.      Time
       0    0.0000000e+00   0.000000e+00   0.000000e+00      1s

Solved in 0 iterations and 0.01 seconds
Optimal objective  0.000000000e+00
Optimize a model with 0 rows, 11 columns and 0 nonzeros
Coefficient statistics:
  Matrix range     [0e+00, 0e+00]
  Objective range  [1e+00, 1e+00]
  Bounds range     [7e-02, 4e+00]
  RHS range        [0e+00, 0e+00]
Iteration    Objective       Primal Inf.    Dual Inf.      Time
       0   -0.0000000e+00   0.000000e+00   0.000000e+00      1s

Solved in 0 iterations and 0.01 seconds
Optimal objective -0.000000000e+00
Optimize a model with 0 rows, 12 columns and 0 nonzeros
Coefficient statistics:
  Matrix range     [0e+00, 0e+00]
  Objective range  [1e+00, 1e+00]
  Bounds range     [7e-02, 6e+00]
  RHS range        [0e+00, 0e+00]
Iteration    Objective       Primal Inf.    Dual Inf.      Time
       0    5.0879483e+00   0.000000e+00   0.000000e+00      1s

Solved in 0 iterations and 0.01 seconds
Optimal objective  5.087948211e+00
Optimize a model with 0 rows, 12 columns and 0 nonzeros
Coefficient statistics:
  Matrix range     [0e+00, 0e+00]
  Objective range  [1e+00, 1e+00]
  Bounds range     [7e-02, 6e+00]
  RHS range        [0e+00, 0e+00]
Iteration    Objective       Primal Inf.    Dual Inf.      Time
       0    5.0879483e+00   0.000000e+00   0.000000e+00      1s

Solved in 0 iterations and 0.01 seconds
Optimal objective  5.087948211e+00
Optimize a model with 0 rows, 13 columns and 0 nonzeros
Coefficient statistics:
  Matrix range     [0e+00, 0e+00]
  Objective range  [1e+00, 1e+00]
  Bounds range     [7e-02, 6e+00]
  RHS range        [0e+00, 0e+00]
Iteration    Objective       Primal Inf.    Dual Inf.      Time
       0    0.0000000e+00   0.000000e+00   0.000000e+00      1s

Solved in 0 iterations and 0.01 seconds
Optimal objective  0.000000000e+00
Optimize a model with 0 rows, 13 columns and 0 nonzeros
Coefficient statistics:
  Matrix range     [0e+00, 0e+00]
  Objective range  [1e+00, 1e+00]
  Bounds range     [7e-02, 6e+00]
  RHS range        [0e+00, 0e+00]
Iteration    Objective       Primal Inf.    Dual Inf.      Time
       0   -0.0000000e+00   0.000000e+00   0.000000e+00      1s

Solved in 0 iterations and 0.01 seconds
Optimal objective -0.000000000e+00
Optimize a model with 0 rows, 14 columns and 0 nonzeros
Coefficient statistics:
  Matrix range     [0e+00, 0e+00]
  Objective range  [1e+00, 1e+00]
  Bounds range     [7e-02, 6e+00]
  RHS range        [0e+00, 0e+00]
Iteration    Objective       Primal Inf.    Dual Inf.      Time
       0    2.7448476e+00   0.000000e+00   0.000000e+00      1s

Solved in 0 iterations and 0.01 seconds
Optimal objective  2.744847590e+00
Optimize a model with 0 rows, 14 columns and 0 nonzeros
Coefficient statistics:
  Matrix range     [0e+00, 0e+00]
  Objective range  [1e+00, 1e+00]
  Bounds range     [7e-02, 6e+00]
  RHS range        [0e+00, 0e+00]
Iteration    Objective       Primal Inf.    Dual Inf.      Time
       0    2.7448476e+00   0.000000e+00   0.000000e+00      1s

Solved in 0 iterations and 0.01 seconds
Optimal objective  2.744847590e+00
Optimize a model with 0 rows, 15 columns and 0 nonzeros
Coefficient statistics:
  Matrix range     [0e+00, 0e+00]
  Objective range  [1e+00, 1e+00]
  Bounds range     [7e-02, 6e+00]
  RHS range        [0e+00, 0e+00]
Iteration    Objective       Primal Inf.    Dual Inf.      Time
       0    0.0000000e+00   0.000000e+00   0.000000e+00      1s

Solved in 0 iterations and 0.01 seconds
Optimal objective  0.000000000e+00
Optimize a model with 0 rows, 15 columns and 0 nonzeros
Coefficient statistics:
  Matrix range     [0e+00, 0e+00]
  Objective range  [1e+00, 1e+00]
  Bounds range     [7e-02, 6e+00]
  RHS range        [0e+00, 0e+00]
Iteration    Objective       Primal Inf.    Dual Inf.      Time
       0   -0.0000000e+00   0.000000e+00   0.000000e+00      1s

Solved in 0 iterations and 0.01 seconds
Optimal objective -0.000000000e+00
Optimize a model with 0 rows, 16 columns and 0 nonzeros
Coefficient statistics:
  Matrix range     [0e+00, 0e+00]
  Objective range  [1e+00, 1e+00]
  Bounds range     [7e-02, 6e+00]
  RHS range        [0e+00, 0e+00]
Iteration    Objective       Primal Inf.    Dual Inf.      Time
       0    0.0000000e+00   0.000000e+00   0.000000e+00      1s

Solved in 0 iterations and 0.01 seconds
Optimal objective  0.000000000e+00
Optimize a model with 0 rows, 16 columns and 0 nonzeros
Coefficient statistics:
  Matrix range     [0e+00, 0e+00]
  Objective range  [1e+00, 1e+00]
  Bounds range     [7e-02, 6e+00]
  RHS range        [0e+00, 0e+00]
Iteration    Objective       Primal Inf.    Dual Inf.      Time
       0   -0.0000000e+00   0.000000e+00   0.000000e+00      1s

Solved in 0 iterations and 0.01 seconds
Optimal objective -0.000000000e+00
Optimize a model with 0 rows, 17 columns and 0 nonzeros
Coefficient statistics:
  Matrix range     [0e+00, 0e+00]
  Objective range  [1e+00, 1e+00]
  Bounds range     [7e-02, 6e+00]
  RHS range        [0e+00, 0e+00]
Iteration    Objective       Primal Inf.    Dual Inf.      Time
       0    0.0000000e+00   0.000000e+00   0.000000e+00      1s

Solved in 0 iterations and 0.01 seconds
Optimal objective  0.000000000e+00
Optimize a model with 0 rows, 17 columns and 0 nonzeros
Coefficient statistics:
  Matrix range     [0e+00, 0e+00]
  Objective range  [1e+00, 1e+00]
  Bounds range     [7e-02, 6e+00]
  RHS range        [0e+00, 0e+00]
Iteration    Objective       Primal Inf.    Dual Inf.      Time
       0   -0.0000000e+00   0.000000e+00   0.000000e+00      1s

Solved in 0 iterations and 0.01 seconds
Optimal objective -0.000000000e+00
Optimize a model with 0 rows, 18 columns and 0 nonzeros
Coefficient statistics:
  Matrix range     [0e+00, 0e+00]
  Objective range  [1e+00, 1e+00]
  Bounds range     [7e-02, 6e+00]
  RHS range        [0e+00, 0e+00]
Iteration    Objective       Primal Inf.    Dual Inf.      Time
       0    0.0000000e+00   0.000000e+00   0.000000e+00      1s

Solved in 0 iterations and 0.01 seconds
Optimal objective  0.000000000e+00
Optimize a model with 0 rows, 18 columns and 0 nonzeros
Coefficient statistics:
  Matrix range     [0e+00, 0e+00]
  Objective range  [1e+00, 1e+00]
  Bounds range     [7e-02, 6e+00]
  RHS range        [0e+00, 0e+00]
Iteration    Objective       Primal Inf.    Dual Inf.      Time
       0   -0.0000000e+00   0.000000e+00   0.000000e+00      1s

Solved in 0 iterations and 0.01 seconds
Optimal objective -0.000000000e+00
Optimize a model with 0 rows, 19 columns and 0 nonzeros
Coefficient statistics:
  Matrix range     [0e+00, 0e+00]
  Objective range  [1e+00, 1e+00]
  Bounds range     [7e-02, 6e+00]
  RHS range        [0e+00, 0e+00]
Iteration    Objective       Primal Inf.    Dual Inf.      Time
       0    1.8128453e+00   0.000000e+00   0.000000e+00      1s

Solved in 0 iterations and 0.01 seconds
Optimal objective  1.812845201e+00
Optimize a model with 0 rows, 19 columns and 0 nonzeros
Coefficient statistics:
  Matrix range     [0e+00, 0e+00]
  Objective range  [1e+00, 1e+00]
  Bounds range     [7e-02, 6e+00]
  RHS range        [0e+00, 0e+00]
Iteration    Objective       Primal Inf.    Dual Inf.      Time
       0    1.8128453e+00   0.000000e+00   0.000000e+00      1s

Solved in 0 iterations and 0.01 seconds
Optimal objective  1.812845201e+00
Optimize a model with 0 rows, 20 columns and 0 nonzeros
Coefficient statistics:
  Matrix range     [0e+00, 0e+00]
  Objective range  [1e+00, 1e+00]
  Bounds range     [7e-02, 6e+00]
  RHS range        [0e+00, 0e+00]
Iteration    Objective       Primal Inf.    Dual Inf.      Time
       0    9.7620768e-01   0.000000e+00   0.000000e+00      1s

Solved in 0 iterations and 0.01 seconds
Optimal objective  9.762076711e-01
Optimize a model with 0 rows, 20 columns and 0 nonzeros
Coefficient statistics:
  Matrix range     [0e+00, 0e+00]
  Objective range  [1e+00, 1e+00]
  Bounds range     [7e-02, 6e+00]
  RHS range        [0e+00, 0e+00]
Iteration    Objective       Primal Inf.    Dual Inf.      Time
       0    9.7620768e-01   0.000000e+00   0.000000e+00      1s

Solved in 0 iterations and 0.01 seconds
Optimal objective  9.762076711e-01
Optimize a model with 0 rows, 785 columns and 0 nonzeros
Coefficient statistics:
  Matrix range     [0e+00, 0e+00]
  Objective range  [1e+00, 1e+00]
  Bounds range     [6e-03, 1e+00]
  RHS range        [0e+00, 0e+00]
Presolve removed 0 rows and 785 columns
Presolve time: 0.01s
Presolve: All rows and columns removed
Iteration    Objective       Primal Inf.    Dual Inf.      Time
       0    0.0000000e+00   0.000000e+00   0.000000e+00      1s

Solved in 0 iterations and 0.01 seconds
Optimal objective  0.000000000e+00
Optimize a model with 0 rows, 785 columns and 0 nonzeros
Coefficient statistics:
  Matrix range     [0e+00, 0e+00]
  Objective range  [1e+00, 1e+00]
  Bounds range     [6e-03, 1e+00]
  RHS range        [0e+00, 0e+00]
Iteration    Objective       Primal Inf.    Dual Inf.      Time
       0   -0.0000000e+00   0.000000e+00   0.000000e+00      1s

Solved in 0 iterations and 0.01 seconds
Optimal objective -0.000000000e+00
Optimize a model with 0 rows, 786 columns and 0 nonzeros
Coefficient statistics:
  Matrix range     [0e+00, 0e+00]
  Objective range  [1e+00, 1e+00]
  Bounds range     [6e-03, 1e+00]
  RHS range        [0e+00, 0e+00]
Iteration    Objective       Primal Inf.    Dual Inf.      Time
       0    0.0000000e+00   0.000000e+00   0.000000e+00      1s

Solved in 0 iterations and 0.01 seconds
Optimal objective  0.000000000e+00
Optimize a model with 0 rows, 786 columns and 0 nonzeros
Coefficient statistics:
  Matrix range     [0e+00, 0e+00]
  Objective range  [1e+00, 1e+00]
  Bounds range     [6e-03, 1e+00]
  RHS range        [0e+00, 0e+00]
Iteration    Objective       Primal Inf.    Dual Inf.      Time
       0   -0.0000000e+00   0.000000e+00   0.000000e+00      1s

Solved in 0 iterations and 0.01 seconds
Optimal objective -0.000000000e+00
Optimize a model with 0 rows, 787 columns and 0 nonzeros
Coefficient statistics:
  Matrix range     [0e+00, 0e+00]
  Objective range  [1e+00, 1e+00]
  Bounds range     [6e-03, 1e+00]
  RHS range        [0e+00, 0e+00]
Iteration    Objective       Primal Inf.    Dual Inf.      Time
       0    0.0000000e+00   0.000000e+00   0.000000e+00      1s

Solved in 0 iterations and 0.01 seconds
Optimal objective  0.000000000e+00
Optimize a model with 0 rows, 787 columns and 0 nonzeros
Coefficient statistics:
  Matrix range     [0e+00, 0e+00]
  Objective range  [1e+00, 1e+00]
  Bounds range     [6e-03, 1e+00]
  RHS range        [0e+00, 0e+00]
Iteration    Objective       Primal Inf.    Dual Inf.      Time
       0   -0.0000000e+00   0.000000e+00   0.000000e+00      1s

Solved in 0 iterations and 0.01 seconds
Optimal objective -0.000000000e+00
Optimize a model with 3 rows, 788 columns and 1571 nonzeros
Coefficient statistics:
  Matrix range     [2e-04, 4e+00]
  Objective range  [1e+00, 1e+00]
  Bounds range     [6e-03, 1e+00]
  RHS range        [9e-01, 2e+00]
Iteration    Objective       Primal Inf.    Dual Inf.      Time
       0    0.0000000e+00   0.000000e+00   0.000000e+00      1s

Solved in 0 iterations and 0.01 seconds
Optimal objective  0.000000000e+00
Optimize a model with 3 rows, 788 columns and 1571 nonzeros
Coefficient statistics:
  Matrix range     [2e-04, 4e+00]
  Objective range  [1e+00, 1e+00]
  Bounds range     [6e-03, 1e+00]
  RHS range        [9e-01, 2e+00]
Iteration    Objective       Primal Inf.    Dual Inf.      Time
       0    1.0000001e+30   7.647153e+29   1.000000e+00      1s
       1    1.7489279e-01   0.000000e+00   0.000000e+00      1s

Solved in 1 iterations and 0.01 seconds
Optimal objective  1.748927808e-01
Optimize a model with 3 rows, 789 columns and 1571 nonzeros
Coefficient statistics:
  Matrix range     [2e-04, 4e+00]
  Objective range  [1e+00, 1e+00]
  Bounds range     [6e-03, 1e+00]
  RHS range        [9e-01, 2e+00]
Iteration    Objective       Primal Inf.    Dual Inf.      Time
       0    0.0000000e+00   0.000000e+00   0.000000e+00      1s

Solved in 0 iterations and 0.01 seconds
Optimal objective  0.000000000e+00
Optimize a model with 3 rows, 789 columns and 1571 nonzeros
Coefficient statistics:
  Matrix range     [2e-04, 4e+00]
  Objective range  [1e+00, 1e+00]
  Bounds range     [6e-03, 1e+00]
  RHS range        [9e-01, 2e+00]
Iteration    Objective       Primal Inf.    Dual Inf.      Time
       0   -0.0000000e+00   0.000000e+00   0.000000e+00      1s

Solved in 0 iterations and 0.01 seconds
Optimal objective -0.000000000e+00
Optimize a model with 3 rows, 790 columns and 1571 nonzeros
Coefficient statistics:
  Matrix range     [2e-04, 4e+00]
  Objective range  [1e+00, 1e+00]
  Bounds range     [6e-03, 3e+00]
  RHS range        [9e-01, 2e+00]
Iteration    Objective       Primal Inf.    Dual Inf.      Time
       0    1.9259837e+00   0.000000e+00   0.000000e+00      1s

Solved in 0 iterations and 0.01 seconds
Optimal objective  1.925983605e+00
Optimize a model with 3 rows, 790 columns and 1571 nonzeros
Coefficient statistics:
  Matrix range     [2e-04, 4e+00]
  Objective range  [1e+00, 1e+00]
  Bounds range     [6e-03, 3e+00]
  RHS range        [9e-01, 2e+00]
Iteration    Objective       Primal Inf.    Dual Inf.      Time
       0    2.4238639e+00   0.000000e+00   0.000000e+00      1s

Solved in 0 iterations and 0.01 seconds
Optimal objective  2.423863866e+00
Optimize a model with 3 rows, 791 columns and 1571 nonzeros
Coefficient statistics:
  Matrix range     [2e-04, 4e+00]
  Objective range  [1e+00, 1e+00]
  Bounds range     [6e-03, 3e+00]
  RHS range        [9e-01, 2e+00]
Iteration    Objective       Primal Inf.    Dual Inf.      Time
       0    0.0000000e+00   0.000000e+00   0.000000e+00      1s

Solved in 0 iterations and 0.01 seconds
Optimal objective  0.000000000e+00
Optimize a model with 3 rows, 791 columns and 1571 nonzeros
Coefficient statistics:
  Matrix range     [2e-04, 4e+00]
  Objective range  [1e+00, 1e+00]
  Bounds range     [6e-03, 3e+00]
  RHS range        [9e-01, 2e+00]
Iteration    Objective       Primal Inf.    Dual Inf.      Time
       0   -0.0000000e+00   0.000000e+00   0.000000e+00      1s

Solved in 0 iterations and 0.01 seconds
Optimal objective -0.000000000e+00
Optimize a model with 3 rows, 792 columns and 1571 nonzeros
Coefficient statistics:
  Matrix range     [2e-04, 4e+00]
  Objective range  [1e+00, 1e+00]
  Bounds range     [6e-03, 3e+00]
  RHS range        [9e-01, 2e+00]
Iteration    Objective       Primal Inf.    Dual Inf.      Time
       0    1.5372384e+00   0.000000e+00   0.000000e+00      1s

Solved in 0 iterations and 0.02 seconds
Optimal objective  1.537238399e+00
Optimize a model with 3 rows, 792 columns and 1571 nonzeros
Coefficient statistics:
  Matrix range     [2e-04, 4e+00]
  Objective range  [1e+00, 1e+00]
  Bounds range     [6e-03, 3e+00]
  RHS range        [9e-01, 2e+00]
Iteration    Objective       Primal Inf.    Dual Inf.      Time
       0    2.0688299e+00   0.000000e+00   0.000000e+00      1s

Solved in 0 iterations and 0.01 seconds
Optimal objective  2.068829811e+00
Optimize a model with 3 rows, 793 columns and 1571 nonzeros
Coefficient statistics:
  Matrix range     [2e-04, 4e+00]
  Objective range  [1e+00, 1e+00]
  Bounds range     [6e-03, 3e+00]
  RHS range        [9e-01, 2e+00]
Iteration    Objective       Primal Inf.    Dual Inf.      Time
       0    0.0000000e+00   0.000000e+00   0.000000e+00      1s

Solved in 0 iterations and 0.01 seconds
Optimal objective  0.000000000e+00
Optimize a model with 3 rows, 793 columns and 1571 nonzeros
Coefficient statistics:
  Matrix range     [2e-04, 4e+00]
  Objective range  [1e+00, 1e+00]
  Bounds range     [6e-03, 3e+00]
  RHS range        [9e-01, 2e+00]
Iteration    Objective       Primal Inf.    Dual Inf.      Time
       0   -0.0000000e+00   0.000000e+00   0.000000e+00      1s

Solved in 0 iterations and 0.01 seconds
Optimal objective -0.000000000e+00
Optimize a model with 3 rows, 794 columns and 1571 nonzeros
Coefficient statistics:
  Matrix range     [2e-04, 4e+00]
  Objective range  [1e+00, 1e+00]
  Bounds range     [6e-03, 4e+00]
  RHS range        [9e-01, 2e+00]
Iteration    Objective       Primal Inf.    Dual Inf.      Time
       0    2.7918193e+00   0.000000e+00   0.000000e+00      1s

Solved in 0 iterations and 0.01 seconds
Optimal objective  2.791819208e+00
Optimize a model with 3 rows, 794 columns and 1571 nonzeros
Coefficient statistics:
  Matrix range     [2e-04, 4e+00]
  Objective range  [1e+00, 1e+00]
  Bounds range     [6e-03, 4e+00]
  RHS range        [9e-01, 2e+00]
Iteration    Objective       Primal Inf.    Dual Inf.      Time
       0    3.2458384e+00   0.000000e+00   0.000000e+00      1s

Solved in 0 iterations and 0.01 seconds
Optimal objective  3.245838393e+00
Optimize a model with 0 rows, 11 columns and 0 nonzeros
Coefficient statistics:
  Matrix range     [0e+00, 0e+00]
  Objective range  [1e+00, 1e+00]
  Bounds range     [2e-01, 4e+00]
  RHS range        [0e+00, 0e+00]
Presolve removed 0 rows and 11 columns
Presolve time: 0.01s
Presolve: All rows and columns removed
Iteration    Objective       Primal Inf.    Dual Inf.      Time
       0    2.7817019e+00   0.000000e+00   0.000000e+00      1s

Solved in 0 iterations and 0.01 seconds
Optimal objective  2.781701817e+00
Optimize a model with 0 rows, 11 columns and 0 nonzeros
Coefficient statistics:
  Matrix range     [0e+00, 0e+00]
  Objective range  [1e+00, 1e+00]
  Bounds range     [2e-01, 4e+00]
  RHS range        [0e+00, 0e+00]
Iteration    Objective       Primal Inf.    Dual Inf.      Time
       0    3.3893412e+00   0.000000e+00   0.000000e+00      1s

Solved in 0 iterations and 0.01 seconds
Optimal objective  3.389341188e+00
Optimize a model with 3 rows, 12 columns and 23 nonzeros
Coefficient statistics:
  Matrix range     [5e-02, 2e+00]
  Objective range  [1e+00, 1e+00]
  Bounds range     [2e-01, 4e+00]
  RHS range        [4e-01, 4e-01]
Iteration    Objective       Primal Inf.    Dual Inf.      Time
       0    0.0000000e+00   1.143471e-01   0.000000e+00      1s
       1    0.0000000e+00   0.000000e+00   0.000000e+00      1s

Solved in 1 iterations and 0.01 seconds
Optimal objective  0.000000000e+00
Optimize a model with 3 rows, 12 columns and 23 nonzeros
Coefficient statistics:
  Matrix range     [5e-02, 2e+00]
  Objective range  [1e+00, 1e+00]
  Bounds range     [2e-01, 4e+00]
  RHS range        [4e-01, 4e-01]
Iteration    Objective       Primal Inf.    Dual Inf.      Time
       0    1.0000001e+30   1.724069e+30   1.000000e+00      1s
       2    4.1978061e-01   0.000000e+00   0.000000e+00      1s

Solved in 2 iterations and 0.01 seconds
Optimal objective  4.197806086e-01
Optimize a model with 3 rows, 13 columns and 23 nonzeros
Coefficient statistics:
  Matrix range     [5e-02, 2e+00]
  Objective range  [1e+00, 1e+00]
  Bounds range     [2e-01, 4e+00]
  RHS range        [4e-01, 4e-01]
Iteration    Objective       Primal Inf.    Dual Inf.      Time
       0    1.7531129e+00   0.000000e+00   0.000000e+00      1s

Solved in 0 iterations and 0.01 seconds
Optimal objective  1.753112839e+00
Optimize a model with 3 rows, 13 columns and 23 nonzeros
Coefficient statistics:
  Matrix range     [5e-02, 2e+00]
  Objective range  [1e+00, 1e+00]
  Bounds range     [2e-01, 4e+00]
  RHS range        [4e-01, 4e-01]
Iteration    Objective       Primal Inf.    Dual Inf.      Time
       0    3.0021294e+00   0.000000e+00   0.000000e+00      1s

Solved in 0 iterations and 0.01 seconds
Optimal objective  3.002129301e+00
Optimize a model with 3 rows, 14 columns and 23 nonzeros
Coefficient statistics:
  Matrix range     [5e-02, 2e+00]
  Objective range  [1e+00, 1e+00]
  Bounds range     [2e-01, 4e+00]
  RHS range        [4e-01, 4e-01]
Iteration    Objective       Primal Inf.    Dual Inf.      Time
       0    0.0000000e+00   0.000000e+00   0.000000e+00      1s

Solved in 0 iterations and 0.01 seconds
Optimal objective  0.000000000e+00
Optimize a model with 3 rows, 14 columns and 23 nonzeros
Coefficient statistics:
  Matrix range     [5e-02, 2e+00]
  Objective range  [1e+00, 1e+00]
  Bounds range     [2e-01, 4e+00]
  RHS range        [4e-01, 4e-01]
Iteration    Objective       Primal Inf.    Dual Inf.      Time
       0   -0.0000000e+00   0.000000e+00   0.000000e+00      1s

Solved in 0 iterations and 0.01 seconds
Optimal objective -0.000000000e+00
Optimize a model with 6 rows, 15 columns and 46 nonzeros
Coefficient statistics:
  Matrix range     [3e-02, 7e+01]
  Objective range  [1e+00, 1e+00]
  Bounds range     [2e-01, 4e+00]
  RHS range        [3e-01, 2e+00]
Iteration    Objective       Primal Inf.    Dual Inf.      Time
       0    0.0000000e+00   0.000000e+00   0.000000e+00      1s

Solved in 0 iterations and 0.01 seconds
Optimal objective  0.000000000e+00
Optimize a model with 6 rows, 15 columns and 46 nonzeros
Coefficient statistics:
  Matrix range     [3e-02, 7e+01]
  Objective range  [1e+00, 1e+00]
  Bounds range     [2e-01, 4e+00]
  RHS range        [3e-01, 2e+00]
Iteration    Objective       Primal Inf.    Dual Inf.      Time
       0    1.2500001e+29   9.996677e+29   1.250000e-01      1s
       1    1.5783111e-02   0.000000e+00   0.000000e+00      1s

Solved in 1 iterations and 0.01 seconds
Optimal objective  1.578311007e-02
Optimize a model with 9 rows, 16 columns and 69 nonzeros
Coefficient statistics:
  Matrix range     [3e-02, 7e+01]
  Objective range  [1e+00, 1e+00]
  Bounds range     [2e-01, 4e+00]
  RHS range        [8e-02, 2e+00]
Iteration    Objective       Primal Inf.    Dual Inf.      Time
       0    0.0000000e+00   0.000000e+00   0.000000e+00      1s

Solved in 0 iterations and 0.01 seconds
Optimal objective  0.000000000e+00
Optimize a model with 9 rows, 16 columns and 69 nonzeros
Coefficient statistics:
  Matrix range     [3e-02, 7e+01]
  Objective range  [1e+00, 1e+00]
  Bounds range     [2e-01, 4e+00]
  RHS range        [8e-02, 2e+00]
Iteration    Objective       Primal Inf.    Dual Inf.      Time
       0    1.0000001e+30   1.336571e+30   1.000000e+00      1s
       1    3.1587809e-01   0.000000e+00   0.000000e+00      1s

Solved in 1 iterations and 0.01 seconds
Optimal objective  3.158780892e-01
Optimize a model with 12 rows, 17 columns and 92 nonzeros
Coefficient statistics:
  Matrix range     [3e-02, 7e+01]
  Objective range  [1e+00, 1e+00]
  Bounds range     [2e-01, 4e+00]
  RHS range        [9e-03, 2e+00]
Iteration    Objective       Primal Inf.    Dual Inf.      Time
       0    0.0000000e+00   0.000000e+00   0.000000e+00      1s

Solved in 0 iterations and 0.01 seconds
Optimal objective  0.000000000e+00
Optimize a model with 12 rows, 17 columns and 92 nonzeros
Coefficient statistics:
  Matrix range     [3e-02, 7e+01]
  Objective range  [1e+00, 1e+00]
  Bounds range     [2e-01, 4e+00]
  RHS range        [9e-03, 2e+00]
Iteration    Objective       Primal Inf.    Dual Inf.      Time
       0    1.0000001e+30   1.197177e+30   1.000000e+00      1s
       1    3.1248338e-01   0.000000e+00   0.000000e+00      1s

Solved in 1 iterations and 0.01 seconds
Optimal objective  3.124833724e-01
Optimize a model with 12 rows, 18 columns and 92 nonzeros
Coefficient statistics:
  Matrix range     [3e-02, 7e+01]
  Objective range  [1e+00, 1e+00]
  Bounds range     [2e-01, 4e+00]
  RHS range        [9e-03, 2e+00]
Iteration    Objective       Primal Inf.    Dual Inf.      Time
       0    9.9683711e-01   0.000000e+00   0.000000e+00      1s

Solved in 0 iterations and 0.01 seconds
Optimal objective  9.968371100e-01
Optimize a model with 12 rows, 18 columns and 92 nonzeros
Coefficient statistics:
  Matrix range     [3e-02, 7e+01]
  Objective range  [1e+00, 1e+00]
  Bounds range     [2e-01, 4e+00]
  RHS range        [9e-03, 2e+00]
Iteration    Objective       Primal Inf.    Dual Inf.      Time
       0    1.7732715e+00   0.000000e+00   0.000000e+00      1s

Solved in 0 iterations and 0.01 seconds
Optimal objective  1.773271440e+00
Optimize a model with 12 rows, 19 columns and 92 nonzeros
Coefficient statistics:
  Matrix range     [3e-02, 7e+01]
  Objective range  [1e+00, 1e+00]
  Bounds range     [2e-01, 4e+00]
  RHS range        [9e-03, 2e+00]
Iteration    Objective       Primal Inf.    Dual Inf.      Time
       0    0.0000000e+00   0.000000e+00   0.000000e+00      1s

Solved in 0 iterations and 0.01 seconds
Optimal objective  0.000000000e+00
Optimize a model with 12 rows, 19 columns and 92 nonzeros
Coefficient statistics:
  Matrix range     [3e-02, 7e+01]
  Objective range  [1e+00, 1e+00]
  Bounds range     [2e-01, 4e+00]
  RHS range        [9e-03, 2e+00]
Iteration    Objective       Primal Inf.    Dual Inf.      Time
       0   -0.0000000e+00   0.000000e+00   0.000000e+00      1s

Solved in 0 iterations and 0.01 seconds
Optimal objective -0.000000000e+00
Optimize a model with 12 rows, 20 columns and 92 nonzeros
Coefficient statistics:
  Matrix range     [3e-02, 7e+01]
  Objective range  [1e+00, 1e+00]
  Bounds range     [2e-01, 4e+00]
  RHS range        [9e-03, 2e+00]
Iteration    Objective       Primal Inf.    Dual Inf.      Time
       0    2.0584069e-01   0.000000e+00   0.000000e+00      1s

Solved in 0 iterations and 0.01 seconds
Optimal objective  2.058406892e-01
Optimize a model with 12 rows, 20 columns and 92 nonzeros
Coefficient statistics:
  Matrix range     [3e-02, 7e+01]
  Objective range  [1e+00, 1e+00]
  Bounds range     [2e-01, 4e+00]
  RHS range        [9e-03, 2e+00]
Iteration    Objective       Primal Inf.    Dual Inf.      Time
       0    1.1272245e+00   0.000000e+00   0.000000e+00      1s

Solved in 0 iterations and 0.01 seconds
Optimal objective  1.127224443e+00
Optimize a model with 0 rows, 11 columns and 0 nonzeros
Coefficient statistics:
  Matrix range     [0e+00, 0e+00]
  Objective range  [1e+00, 1e+00]
  Bounds range     [2e-02, 4e+00]
  RHS range        [0e+00, 0e+00]
Presolve removed 0 rows and 11 columns
Presolve time: 0.01s
Presolve: All rows and columns removed
Iteration    Objective       Primal Inf.    Dual Inf.      Time
       0    0.0000000e+00   0.000000e+00   0.000000e+00      1s

Solved in 0 iterations and 0.01 seconds
Optimal objective  0.000000000e+00
Optimize a model with 0 rows, 11 columns and 0 nonzeros
Coefficient statistics:
  Matrix range     [0e+00, 0e+00]
  Objective range  [1e+00, 1e+00]
  Bounds range     [2e-02, 4e+00]
  RHS range        [0e+00, 0e+00]
Iteration    Objective       Primal Inf.    Dual Inf.      Time
       0   -0.0000000e+00   0.000000e+00   0.000000e+00      1s

Solved in 0 iterations and 0.01 seconds
Optimal objective -0.000000000e+00
Optimize a model with 0 rows, 12 columns and 0 nonzeros
Coefficient statistics:
  Matrix range     [0e+00, 0e+00]
  Objective range  [1e+00, 1e+00]
  Bounds range     [2e-02, 7e+00]
  RHS range        [0e+00, 0e+00]
Iteration    Objective       Primal Inf.    Dual Inf.      Time
       0    3.6172533e+00   0.000000e+00   0.000000e+00      1s

Solved in 0 iterations and 0.01 seconds
Optimal objective  3.617253251e+00
Optimize a model with 0 rows, 12 columns and 0 nonzeros
Coefficient statistics:
  Matrix range     [0e+00, 0e+00]
  Objective range  [1e+00, 1e+00]
  Bounds range     [2e-02, 7e+00]
  RHS range        [0e+00, 0e+00]
Iteration    Objective       Primal Inf.    Dual Inf.      Time
       0    6.0663818e+00   0.000000e+00   0.000000e+00      1s

Solved in 0 iterations and 0.01 seconds
Optimal objective  6.066381789e+00
Optimize a model with 3 rows, 13 columns and 23 nonzeros
Coefficient statistics:
  Matrix range     [9e-02, 3e+00]
  Objective range  [1e+00, 1e+00]
  Bounds range     [2e-02, 7e+00]
  RHS range        [2e-01, 1e+00]
Iteration    Objective       Primal Inf.    Dual Inf.      Time
       0    0.0000000e+00   6.027293e-03   0.000000e+00      1s
       1    0.0000000e+00   0.000000e+00   0.000000e+00      1s

Solved in 1 iterations and 0.01 seconds
Optimal objective  0.000000000e+00
Optimize a model with 3 rows, 13 columns and 23 nonzeros
Coefficient statistics:
  Matrix range     [9e-02, 3e+00]
  Objective range  [1e+00, 1e+00]
  Bounds range     [2e-02, 7e+00]
  RHS range        [2e-01, 1e+00]
Iteration    Objective       Primal Inf.    Dual Inf.      Time
       0    1.0000001e+30   1.680395e+30   1.000000e+00      1s
       2    6.2504330e-01   0.000000e+00   0.000000e+00      1s

Solved in 2 iterations and 0.01 seconds
Optimal objective  6.250432968e-01
Optimize a model with 3 rows, 14 columns and 23 nonzeros
Coefficient statistics:
  Matrix range     [9e-02, 3e+00]
  Objective range  [1e+00, 1e+00]
  Bounds range     [2e-02, 7e+00]
  RHS range        [2e-01, 1e+00]
Iteration    Objective       Primal Inf.    Dual Inf.      Time
       0    1.7616486e+00   0.000000e+00   0.000000e+00      1s

Solved in 0 iterations and 0.01 seconds
Optimal objective  1.761648594e+00
Optimize a model with 3 rows, 14 columns and 23 nonzeros
Coefficient statistics:
  Matrix range     [9e-02, 3e+00]
  Objective range  [1e+00, 1e+00]
  Bounds range     [2e-02, 7e+00]
  RHS range        [2e-01, 1e+00]
Iteration    Objective       Primal Inf.    Dual Inf.      Time
       0    3.9041981e+00   0.000000e+00   0.000000e+00      1s

Solved in 0 iterations and 0.01 seconds
Optimal objective  3.904198016e+00
Optimize a model with 3 rows, 15 columns and 23 nonzeros
Coefficient statistics:
  Matrix range     [9e-02, 3e+00]
  Objective range  [1e+00, 1e+00]
  Bounds range     [2e-02, 7e+00]
  RHS range        [2e-01, 1e+00]
Iteration    Objective       Primal Inf.    Dual Inf.      Time
       0    0.0000000e+00   0.000000e+00   0.000000e+00      1s

Solved in 0 iterations and 0.01 seconds
Optimal objective  0.000000000e+00
Optimize a model with 3 rows, 15 columns and 23 nonzeros
Coefficient statistics:
  Matrix range     [9e-02, 3e+00]
  Objective range  [1e+00, 1e+00]
  Bounds range     [2e-02, 7e+00]
  RHS range        [2e-01, 1e+00]
Iteration    Objective       Primal Inf.    Dual Inf.      Time
       0   -0.0000000e+00   0.000000e+00   0.000000e+00      1s

Solved in 0 iterations and 0.01 seconds
Optimal objective -0.000000000e+00
Optimize a model with 6 rows, 16 columns and 46 nonzeros
Coefficient statistics:
  Matrix range     [8e-02, 3e+00]
  Objective range  [1e+00, 1e+00]
  Bounds range     [2e-02, 7e+00]
  RHS range        [2e-01, 3e+00]
Iteration    Objective       Primal Inf.    Dual Inf.      Time
       0    0.0000000e+00   0.000000e+00   0.000000e+00      1s

Solved in 0 iterations and 0.01 seconds
Optimal objective  0.000000000e+00
Optimize a model with 6 rows, 16 columns and 46 nonzeros
Coefficient statistics:
  Matrix range     [8e-02, 3e+00]
  Objective range  [1e+00, 1e+00]
  Bounds range     [2e-02, 7e+00]
  RHS range        [2e-01, 3e+00]
Iteration    Objective       Primal Inf.    Dual Inf.      Time
       0    1.0000001e+30   6.112306e+29   1.000000e+00      1s
       1    9.6951239e-01   0.000000e+00   0.000000e+00      1s

Solved in 1 iterations and 0.01 seconds
Optimal objective  9.695123848e-01
Optimize a model with 6 rows, 17 columns and 46 nonzeros
Coefficient statistics:
  Matrix range     [8e-02, 3e+00]
  Objective range  [1e+00, 1e+00]
  Bounds range     [2e-02, 7e+00]
  RHS range        [2e-01, 3e+00]
Iteration    Objective       Primal Inf.    Dual Inf.      Time
       0    0.0000000e+00   0.000000e+00   0.000000e+00      1s

Solved in 0 iterations and 0.01 seconds
Optimal objective  0.000000000e+00
Optimize a model with 6 rows, 17 columns and 46 nonzeros
Coefficient statistics:
  Matrix range     [8e-02, 3e+00]
  Objective range  [1e+00, 1e+00]
  Bounds range     [2e-02, 7e+00]
  RHS range        [2e-01, 3e+00]
Iteration    Objective       Primal Inf.    Dual Inf.      Time
       0   -0.0000000e+00   0.000000e+00   0.000000e+00      1s

Solved in 0 iterations and 0.01 seconds
Optimal objective -0.000000000e+00
Optimize a model with 9 rows, 18 columns and 69 nonzeros
Coefficient statistics:
  Matrix range     [8e-02, 4e+00]
  Objective range  [1e+00, 1e+00]
  Bounds range     [2e-02, 7e+00]
  RHS range        [2e-01, 3e+00]
Iteration    Objective       Primal Inf.    Dual Inf.      Time
       0    0.0000000e+00   0.000000e+00   0.000000e+00      1s

Solved in 0 iterations and 0.01 seconds
Optimal objective  0.000000000e+00
Optimize a model with 9 rows, 18 columns and 69 nonzeros
Coefficient statistics:
  Matrix range     [8e-02, 4e+00]
  Objective range  [1e+00, 1e+00]
  Bounds range     [2e-02, 7e+00]
  RHS range        [2e-01, 3e+00]
Iteration    Objective       Primal Inf.    Dual Inf.      Time
       0    1.0000001e+30   8.066368e+29   1.000000e+00      1s
       1    7.5706287e-01   0.000000e+00   0.000000e+00      1s

Solved in 1 iterations and 0.01 seconds
Optimal objective  7.570628677e-01
Optimize a model with 9 rows, 19 columns and 69 nonzeros
Coefficient statistics:
  Matrix range     [8e-02, 4e+00]
  Objective range  [1e+00, 1e+00]
  Bounds range     [2e-02, 7e+00]
  RHS range        [2e-01, 3e+00]
Iteration    Objective       Primal Inf.    Dual Inf.      Time
       0    9.1643225e-01   0.000000e+00   0.000000e+00      1s

Solved in 0 iterations and 0.01 seconds
Optimal objective  9.164322406e-01
Optimize a model with 9 rows, 19 columns and 69 nonzeros
Coefficient statistics:
  Matrix range     [8e-02, 4e+00]
  Objective range  [1e+00, 1e+00]
  Bounds range     [2e-02, 7e+00]
  RHS range        [2e-01, 3e+00]
Iteration    Objective       Primal Inf.    Dual Inf.      Time
       0    2.6514746e+00   0.000000e+00   0.000000e+00      1s

Solved in 0 iterations and 0.01 seconds
Optimal objective  2.651474524e+00
Optimize a model with 9 rows, 20 columns and 69 nonzeros
Coefficient statistics:
  Matrix range     [8e-02, 4e+00]
  Objective range  [1e+00, 1e+00]
  Bounds range     [2e-02, 7e+00]
  RHS range        [2e-01, 3e+00]
Iteration    Objective       Primal Inf.    Dual Inf.      Time
       0    5.1165984e-02   0.000000e+00   0.000000e+00      1s

Solved in 0 iterations and 0.01 seconds
Optimal objective  5.116598312e-02
Optimize a model with 9 rows, 20 columns and 69 nonzeros
Coefficient statistics:
  Matrix range     [8e-02, 4e+00]
  Objective range  [1e+00, 1e+00]
  Bounds range     [2e-02, 7e+00]
  RHS range        [2e-01, 3e+00]
Iteration    Objective       Primal Inf.    Dual Inf.      Time
       0    2.2250999e+00   0.000000e+00   0.000000e+00      1s

Solved in 0 iterations and 0.01 seconds
Optimal objective  2.225099866e+00
